Inicio Ciclo
30/10/07
SisOp02
Nombre de Archivo Incorrecto: 0123456789.200309
30/10/07
SisOp02
Nombre de Archivo Incorrecto: 11111111111.20071101
30/10/07
SisOp02
Nombre de Archivo Incorrecto: 12345.200710
30/10/07
SisOp02
Nombre de Archivo Incorrecto: Descripcion_de_pruebas.txt
30/10/07
SisOp02
Nro de CUIT inexistente: 12124578896.200711
30/10/07
SisOp02
Periodo No Habilitado 12345678901.200711
30/10/07
SisOp02
Periodo Fuera de Rango 45678901234.200409
30/10/07
SisOp02
Periodo Fuera de Rango 67890123456.200610
30/10/07
SisOp02
Archivo Recibido 01234567890.200710
30/10/07
SisOp02
Archivo Recibido 11111111111.200711
30/10/07
SisOp02
Archivo Recibido 33333333333.200711
30/10/07
SisOp02
Archivo Recibido 45678901234.200711
30/10/07
SisOp02
Archivo Recibido 67890123456.200708
30/10/07
SisOp02
Archivo Recibido 78901234567.200711
30/10/07
SisOp02
Fin de Ciclo
30/10/07
SisOp02
Inicio Ciclo
30/10/07
SisOp02
Archivo Duplicado 11111111111.200711.2
30/10/07
SisOp02
Fin de Ciclo
30/10/07
SisOp02
